Using pre-set license
Built from '6000.0/staging' branch; Version is '6000.0.23f1 (1c4764c07fb4) revision 1853284'; Using compiler version '193933523'; Build Type 'Release'
OS: 'Windows 11  (10.0.26100) 64bit Core' Language: 'en' Physical Memory: 15596 MB
BatchMode: 1, IsHumanControllingUs: 0, StartBugReporterOnCrash: 0, Is64bit: 1, IsPro: 1

COMMAND LINE ARGUMENTS:
D:\UNITY\6000.0.23f1\Editor\Unity.exe
-adb2
-batchMode
-noUpm
-name
AssetImportWorker10
-projectPath
D:/GameDev/Offish/Offish
-logFile
Logs/AssetImportWorker10.log
-srvPort
60863
-job-worker-count
7
-background-job-worker-count
8
-asset-garbage-collectors
1
Successfully changed project path to: D:/GameDev/Offish/Offish
D:/GameDev/Offish/Offish
[UnityMemory] Configuration Parameters - Can be set up in boot.config
    "memorysetup-bucket-allocator-granularity=16"
    "memorysetup-bucket-allocator-bucket-count=8"
    "memorysetup-bucket-allocator-block-size=33554432"
    "memorysetup-bucket-allocator-block-count=8"
    "memorysetup-main-allocator-block-size=16777216"
    "memorysetup-thread-allocator-block-size=16777216"
    "memorysetup-gfx-main-allocator-block-size=16777216"
    "memorysetup-gfx-thread-allocator-block-size=16777216"
    "memorysetup-cache-allocator-block-size=4194304"
    "memorysetup-typetree-allocator-block-size=2097152"
    "memorysetup-profiler-bucket-allocator-granularity=16"
    "memorysetup-profiler-bucket-allocator-bucket-count=8"
    "memorysetup-profiler-bucket-allocator-block-size=33554432"
    "memorysetup-profiler-bucket-allocator-block-count=8"
    "memorysetup-profiler-allocator-block-size=16777216"
    "memorysetup-profiler-editor-allocator-block-size=1048576"
    "memorysetup-temp-allocator-size-main=16777216"
    "memorysetup-job-temp-allocator-block-size=2097152"
    "memorysetup-job-temp-allocator-block-size-background=1048576"
    "memorysetup-job-temp-allocator-reduction-small-platforms=262144"
    "memorysetup-allocator-temp-initial-block-size-main=262144"
    "memorysetup-allocator-temp-initial-block-size-worker=262144"
    "memorysetup-temp-allocator-size-background-worker=32768"
    "memorysetup-temp-allocator-size-job-worker=262144"
    "memorysetup-temp-allocator-size-preload-manager=33554432"
    "memorysetup-temp-allocator-size-nav-mesh-worker=65536"
    "memorysetup-temp-allocator-size-audio-worker=65536"
    "memorysetup-temp-allocator-size-cloud-worker=32768"
    "memorysetup-temp-allocator-size-gi-baking-worker=262144"
    "memorysetup-temp-allocator-size-gi-baking-worker=262144"
    "memorysetup-temp-allocator-size-gi-baking-worker=262144"
    "memorysetup-temp-allocator-size-gi-baking-worker=262144"
    "memorysetup-temp-allocator-size-gi-baking-worker=262144"
    "memorysetup-temp-allocator-size-gfx=262144"
Player connection [14576]  Target information:

Player connection [14576]  * "[IP] 192.168.151.170 [Port] 0 [Flags] 2 [Guid] 2825049670 [EditorId] 2825049670 [Version] 1048832 [Id] WindowsEditor(7,LEF) [Debug] 1 [PackageName] WindowsEditor [ProjectName] Editor" 

Player connection [14576] Host joined multi-casting on [225.0.0.222:54997]...
Player connection [14576] Host joined alternative multi-casting on [225.0.0.222:34997]...
JobSystem: Creating JobQueue using job-worker-count value 7
[Physics::Module] Initialized fallback backend.
[Physics::Module] Id: 0xdecafbad
Library Redirect Path: Library/
[Physics::Module] Selected backend.
[Physics::Module] Name: PhysX
[Physics::Module] Id: 0xf2b8ea05
[Physics::Module] SDK Version: 4.1.2
[Physics::Module] Integration Version: 1.0.0
[Physics::Module] Threading Mode: Multi-Threaded
Refreshing native plugins compatible for Editor in 3.42 ms, found 4 plugins.
Preloading 0 native plugins for Editor in 0.00 ms.
Initialize engine version: 6000.0.23f1 (1c4764c07fb4)
[Subsystems] Discovering subsystems at path D:/UNITY/6000.0.23f1/Editor/Data/Resources/UnitySubsystems
[Subsystems] Discovering subsystems at path D:/GameDev/Offish/Offish/Assets
GfxDevice: creating device client; kGfxThreadingModeNonThreaded
Direct3D:
    Version:  Direct3D 11.0 [level 11.1]
    Renderer: AMD Radeon(TM) Graphics (ID=0x1681)
    Vendor:   ATI
    VRAM:     7798 MB
    Driver:   32.0.21037.1004
Initialize mono
Mono path[0] = 'D:/UNITY/6000.0.23f1/Editor/Data/Managed'
Mono path[1] = 'D:/UNITY/6000.0.23f1/Editor/Data/MonoBleedingEdge/lib/mono/unityjit-win32'
Mono config path = 'D:/UNITY/6000.0.23f1/Editor/Data/MonoBleedingEdge/etc'
Using monoOptions --debugger-agent=transport=dt_socket,embedding=1,server=y,suspend=n,address=127.0.0.1:56904
Begin MonoManager ReloadAssembly
Registering precompiled unity dll's ...
Register platform support module: D:/UNITY/6000.0.23f1/Editor/Data/PlaybackEngines/WindowsStandaloneSupport/UnityEditor.WindowsStandalone.Extensions.dll
Registered in 0.002231 seconds.
- Loaded All Assemblies, in  0.569 seconds
Native extension for WindowsStandalone target not found
Mono: successfully reloaded assembly
- Finished resetting the current domain, in  0.518 seconds
Domain Reload Profiling: 1086ms
	BeginReloadAssembly (191ms)
		ExecutionOrderSort (0ms)
		DisableScriptedObjects (0ms)
		BackupInstance (0ms)
		ReleaseScriptingObjects (0ms)
		CreateAndSetChildDomain (1ms)
	RebuildCommonClasses (58ms)
	RebuildNativeTypeToScriptingClass (17ms)
	initialDomainReloadingComplete (66ms)
	LoadAllAssembliesAndSetupDomain (235ms)
		LoadAssemblies (189ms)
		RebuildTransferFunctionScriptingTraits (0ms)
		AnalyzeDomain (231ms)
			TypeCache.Refresh (229ms)
				TypeCache.ScanAssembly (213ms)
			BuildScriptInfoCaches (0ms)
			ResolveRequiredComponents (1ms)
	FinalizeReload (519ms)
		ReleaseScriptCaches (0ms)
		RebuildScriptCaches (0ms)
		SetupLoadedEditorAssemblies (452ms)
			LogAssemblyErrors (0ms)
			InitializePlatformSupportModulesInManaged (38ms)
			SetLoadedEditorAssemblies (8ms)
			BeforeProcessingInitializeOnLoad (9ms)
			ProcessInitializeOnLoadAttributes (280ms)
			ProcessInitializeOnLoadMethodAttributes (109ms)
			AfterProcessingInitializeOnLoad (7ms)
			EditorAssembliesLoaded (0ms)
		ExecutionOrderSort2 (0ms)
		AwakeInstancesAfterBackupRestoration (0ms)
========================================================================
Worker process is ready to serve import requests
Import Worker Mode flag is 0x00
Begin MonoManager ReloadAssembly
- Loaded All Assemblies, in  1.437 seconds
Refreshing native plugins compatible for Editor in 1.29 ms, found 4 plugins.
Native extension for WindowsStandalone target not found
Mono: successfully reloaded assembly
- Finished resetting the current domain, in  1.201 seconds
Domain Reload Profiling: 2637ms
	BeginReloadAssembly (548ms)
		ExecutionOrderSort (0ms)
		DisableScriptedObjects (10ms)
		BackupInstance (0ms)
		ReleaseScriptingObjects (0ms)
		CreateAndSetChildDomain (50ms)
	RebuildCommonClasses (61ms)
	RebuildNativeTypeToScriptingClass (17ms)
	initialDomainReloadingComplete (48ms)
	LoadAllAssembliesAndSetupDomain (761ms)
		LoadAssemblies (523ms)
		RebuildTransferFunctionScriptingTraits (0ms)
		AnalyzeDomain (382ms)
			TypeCache.Refresh (264ms)
				TypeCache.ScanAssembly (244ms)
			BuildScriptInfoCaches (97ms)
			ResolveRequiredComponents (17ms)
	FinalizeReload (1201ms)
		ReleaseScriptCaches (0ms)
		RebuildScriptCaches (0ms)
		SetupLoadedEditorAssemblies (951ms)
			LogAssemblyErrors (0ms)
			InitializePlatformSupportModulesInManaged (3ms)
			SetLoadedEditorAssemblies (8ms)
			BeforeProcessingInitializeOnLoad (179ms)
			ProcessInitializeOnLoadAttributes (630ms)
			ProcessInitializeOnLoadMethodAttributes (125ms)
			AfterProcessingInitializeOnLoad (5ms)
			EditorAssembliesLoaded (0ms)
		ExecutionOrderSort2 (0ms)
		AwakeInstancesAfterBackupRestoration (6ms)
Launched and connected shader compiler UnityShaderCompiler.exe after 0.01 seconds
Refreshing native plugins compatible for Editor in 1.65 ms, found 4 plugins.
Preloading 0 native plugins for Editor in 0.00 ms.
Unloading 220 Unused Serialized files (Serialized files now loaded: 0)
Unloading 6521 unused Assets / (4.7 MB). Loaded Objects now: 7319.
Memory consumption went from 206.9 MB to 202.3 MB.
Total: 12.275300 ms (FindLiveObjects: 1.017800 ms CreateObjectMapping: 1.148400 ms MarkObjects: 6.870400 ms  DeleteObjects: 3.237600 ms)

========================================================================
Received Import Request.
  Time since last request: 10405.657007 seconds.
  path: Assets/Sprites/Title/title3.png
  artifactKey: Guid(1d6583a8ec63b6843a8b09dde5682372) Importer(815301076,1909f56bfc062723c751e8b465ee728b)
Start importing Assets/Sprites/Title/title3.png using Guid(1d6583a8ec63b6843a8b09dde5682372) Importer(815301076,1909f56bfc062723c751e8b465ee728b) (PreviewImporter) -> (artifact id: 'debcf0e462e9a2c36c45efa9ec5dc474') in 0.7664091 seconds
Number of updated asset objects reloaded before import = 0Number of asset objects unloaded after import = 1607

========================================================================
Received Import Request.
  Time since last request: 0.000073 seconds.
  path: Assets/Sprites/Title/title5.png
  artifactKey: Guid(f040b27787c9cd446aaf181ece4d2683) Importer(815301076,1909f56bfc062723c751e8b465ee728b)
Start importing Assets/Sprites/Title/title5.png using Guid(f040b27787c9cd446aaf181ece4d2683) Importer(815301076,1909f56bfc062723c751e8b465ee728b) (PreviewImporter) -> (artifact id: '6dcc0a7809aa17dfc73880e8657b83a5') in 0.2136683 seconds
Number of updated asset objects reloaded before import = 0Number of asset objects unloaded after import = 1607

========================================================================
Received Import Request.
  Time since last request: 0.000041 seconds.
  path: Assets/Sprites/Title/title9.png
  artifactKey: Guid(6a3488fb948bb854097fd02f9c06add8) Importer(815301076,1909f56bfc062723c751e8b465ee728b)
Start importing Assets/Sprites/Title/title9.png using Guid(6a3488fb948bb854097fd02f9c06add8) Importer(815301076,1909f56bfc062723c751e8b465ee728b) (PreviewImporter) -> (artifact id: '8be4934035b976386194a142bf5a93e6') in 0.2178524 seconds
Number of updated asset objects reloaded before import = 0Number of asset objects unloaded after import = 1607

========================================================================
Received Import Request.
  Time since last request: 20.938157 seconds.
  path: Assets/Sprites/Title/title3.png
  artifactKey: Guid(1d6583a8ec63b6843a8b09dde5682372) Importer(815301076,1909f56bfc062723c751e8b465ee728b)
Start importing Assets/Sprites/Title/title3.png using Guid(1d6583a8ec63b6843a8b09dde5682372) Importer(815301076,1909f56bfc062723c751e8b465ee728b) (PreviewImporter) -> (artifact id: '7c8c1f843f43864a6b299a5956e0c2b0') in 0.2125727 seconds
Number of updated asset objects reloaded before import = 0Number of asset objects unloaded after import = 1056

========================================================================
Received Import Request.
  Time since last request: 0.000034 seconds.
  path: Assets/Sprites/Title/TitleSprites.spriteatlasv2
  artifactKey: Guid(0ef58dbb8d5415e45aec4518071a6022) Importer(815301076,1909f56bfc062723c751e8b465ee728b)
Start importing Assets/Sprites/Title/TitleSprites.spriteatlasv2 using Guid(0ef58dbb8d5415e45aec4518071a6022) Importer(815301076,1909f56bfc062723c751e8b465ee728b) (PreviewImporter) -> (artifact id: '64665a18dabf418d8bd5b5d1a92012ee') in 0.0204817 seconds
Number of updated asset objects reloaded before import = 0Number of asset objects unloaded after import = 2

========================================================================
Received Import Request.
  Time since last request: 0.000036 seconds.
  path: Assets/Sprites/Title/title5.png
  artifactKey: Guid(f040b27787c9cd446aaf181ece4d2683) Importer(815301076,1909f56bfc062723c751e8b465ee728b)
Start importing Assets/Sprites/Title/title5.png using Guid(f040b27787c9cd446aaf181ece4d2683) Importer(815301076,1909f56bfc062723c751e8b465ee728b) (PreviewImporter) -> (artifact id: '2a45d23c60fbce367bcf83f476220b8e') in 0.191 seconds
Number of updated asset objects reloaded before import = 0Number of asset objects unloaded after import = 1056

========================================================================
Received Import Request.
  Time since last request: 0.000146 seconds.
  path: Assets/Sprites/Title/title7.png
  artifactKey: Guid(c5a263fa71be3304b9064fab1ea59967) Importer(815301076,1909f56bfc062723c751e8b465ee728b)
Start importing Assets/Sprites/Title/title7.png using Guid(c5a263fa71be3304b9064fab1ea59967) Importer(815301076,1909f56bfc062723c751e8b465ee728b) (PreviewImporter) -> (artifact id: 'c9f786eb59ebdf177ec2b7e46064f15a') in 0.1959246 seconds
Number of updated asset objects reloaded before import = 0Number of asset objects unloaded after import = 1056

========================================================================
Received Import Request.
  Time since last request: 33.877292 seconds.
  path: Assets/Sprites/Title/title3.png
  artifactKey: Guid(1d6583a8ec63b6843a8b09dde5682372) Importer(815301076,1909f56bfc062723c751e8b465ee728b)
Start importing Assets/Sprites/Title/title3.png using Guid(1d6583a8ec63b6843a8b09dde5682372) Importer(815301076,1909f56bfc062723c751e8b465ee728b) (PreviewImporter) -> (artifact id: '6aaeaad46ac4a6f33de369eb94caf866') in 0.2328585 seconds
Number of updated asset objects reloaded before import = 0Number of asset objects unloaded after import = 36

========================================================================
Received Import Request.
  Time since last request: 0.000078 seconds.
  path: Assets/Sprites/Title/title6.png
  artifactKey: Guid(e999884bcb3a9a64199bc4d1f1eb19c9) Importer(815301076,1909f56bfc062723c751e8b465ee728b)
Start importing Assets/Sprites/Title/title6.png using Guid(e999884bcb3a9a64199bc4d1f1eb19c9) Importer(815301076,1909f56bfc062723c751e8b465ee728b) (PreviewImporter) -> (artifact id: '63db707096886175d4bcee3c424b9284') in 0.2308402 seconds
Number of updated asset objects reloaded before import = 0Number of asset objects unloaded after import = 36

Editor requested this worker to shutdown with reason: Scaling down because of idle timeout
AssetImportWorker is now disconnected from the server
Process exiting
Exiting without the bug reporter. Application will terminate with return code 0