Using pre-set license
Built from '6000.0/staging' branch; Version is '6000.0.23f1 (1c4764c07fb4) revision 1853284'; Using compiler version '193933523'; Build Type 'Release'
OS: 'Windows 11  (10.0.26100) 64bit Core' Language: 'en' Physical Memory: 15596 MB
BatchMode: 1, IsHumanControllingUs: 0, StartBugReporterOnCrash: 0, Is64bit: 1, IsPro: 1

COMMAND LINE ARGUMENTS:
D:\UNITY\6000.0.23f1\Editor\Unity.exe
-adb2
-batchMode
-noUpm
-name
AssetImportWorker1
-projectPath
D:/GameDev/Offish/Offish
-logFile
Logs/AssetImportWorker1.log
-srvPort
60863
-job-worker-count
7
-background-job-worker-count
8
-asset-garbage-collectors
1
Successfully changed project path to: D:/GameDev/Offish/Offish
D:/GameDev/Offish/Offish
[UnityMemory] Configuration Parameters - Can be set up in boot.config
    "memorysetup-bucket-allocator-granularity=16"
    "memorysetup-bucket-allocator-bucket-count=8"
    "memorysetup-bucket-allocator-block-size=33554432"
    "memorysetup-bucket-allocator-block-count=8"
    "memorysetup-main-allocator-block-size=16777216"
    "memorysetup-thread-allocator-block-size=16777216"
    "memorysetup-gfx-main-allocator-block-size=16777216"
    "memorysetup-gfx-thread-allocator-block-size=16777216"
    "memorysetup-cache-allocator-block-size=4194304"
    "memorysetup-typetree-allocator-block-size=2097152"
    "memorysetup-profiler-bucket-allocator-granularity=16"
    "memorysetup-profiler-bucket-allocator-bucket-count=8"
    "memorysetup-profiler-bucket-allocator-block-size=33554432"
    "memorysetup-profiler-bucket-allocator-block-count=8"
    "memorysetup-profiler-allocator-block-size=16777216"
    "memorysetup-profiler-editor-allocator-block-size=1048576"
    "memorysetup-temp-allocator-size-main=16777216"
    "memorysetup-job-temp-allocator-block-size=2097152"
    "memorysetup-job-temp-allocator-block-size-background=1048576"
    "memorysetup-job-temp-allocator-reduction-small-platforms=262144"
    "memorysetup-allocator-temp-initial-block-size-main=262144"
    "memorysetup-allocator-temp-initial-block-size-worker=262144"
    "memorysetup-temp-allocator-size-background-worker=32768"
    "memorysetup-temp-allocator-size-job-worker=262144"
    "memorysetup-temp-allocator-size-preload-manager=33554432"
    "memorysetup-temp-allocator-size-nav-mesh-worker=65536"
    "memorysetup-temp-allocator-size-audio-worker=65536"
    "memorysetup-temp-allocator-size-cloud-worker=32768"
    "memorysetup-temp-allocator-size-gi-baking-worker=262144"
    "memorysetup-temp-allocator-size-gi-baking-worker=262144"
    "memorysetup-temp-allocator-size-gi-baking-worker=262144"
    "memorysetup-temp-allocator-size-gi-baking-worker=262144"
    "memorysetup-temp-allocator-size-gi-baking-worker=262144"
    "memorysetup-temp-allocator-size-gfx=262144"
Player connection [20152]  Target information:

Player connection [20152]  * "[IP] 192.168.151.170 [Port] 0 [Flags] 2 [Guid] 683057640 [EditorId] 683057640 [Version] 1048832 [Id] WindowsEditor(7,LEF) [Debug] 1 [PackageName] WindowsEditor [ProjectName] Editor" 

Player connection [20152] Host joined multi-casting on [225.0.0.222:54997]...
Player connection [20152] Host joined alternative multi-casting on [225.0.0.222:34997]...
JobSystem: Creating JobQueue using job-worker-count value 7
[Physics::Module] Initialized fallback backend.
[Physics::Module] Id: 0xdecafbad
Library Redirect Path: Library/
[Physics::Module] Selected backend.
[Physics::Module] Name: PhysX
[Physics::Module] Id: 0xf2b8ea05
[Physics::Module] SDK Version: 4.1.2
[Physics::Module] Integration Version: 1.0.0
[Physics::Module] Threading Mode: Multi-Threaded
Refreshing native plugins compatible for Editor in 3.27 ms, found 4 plugins.
Preloading 0 native plugins for Editor in 0.00 ms.
Initialize engine version: 6000.0.23f1 (1c4764c07fb4)
[Subsystems] Discovering subsystems at path D:/UNITY/6000.0.23f1/Editor/Data/Resources/UnitySubsystems
[Subsystems] Discovering subsystems at path D:/GameDev/Offish/Offish/Assets
GfxDevice: creating device client; kGfxThreadingModeNonThreaded
Direct3D:
    Version:  Direct3D 11.0 [level 11.1]
    Renderer: AMD Radeon(TM) Graphics (ID=0x1681)
    Vendor:   ATI
    VRAM:     7798 MB
    Driver:   32.0.21037.1004
Initialize mono
Mono path[0] = 'D:/UNITY/6000.0.23f1/Editor/Data/Managed'
Mono path[1] = 'D:/UNITY/6000.0.23f1/Editor/Data/MonoBleedingEdge/lib/mono/unityjit-win32'
Mono config path = 'D:/UNITY/6000.0.23f1/Editor/Data/MonoBleedingEdge/etc'
Using monoOptions --debugger-agent=transport=dt_socket,embedding=1,server=y,suspend=n,address=127.0.0.1:56140
Begin MonoManager ReloadAssembly
Registering precompiled unity dll's ...
Register platform support module: D:/UNITY/6000.0.23f1/Editor/Data/PlaybackEngines/WindowsStandaloneSupport/UnityEditor.WindowsStandalone.Extensions.dll
Registered in 0.001873 seconds.
- Loaded All Assemblies, in  0.485 seconds
Native extension for WindowsStandalone target not found
Mono: successfully reloaded assembly
- Finished resetting the current domain, in  0.397 seconds
Domain Reload Profiling: 882ms
	BeginReloadAssembly (174ms)
		ExecutionOrderSort (0ms)
		DisableScriptedObjects (0ms)
		BackupInstance (0ms)
		ReleaseScriptingObjects (0ms)
		CreateAndSetChildDomain (1ms)
	RebuildCommonClasses (45ms)
	RebuildNativeTypeToScriptingClass (14ms)
	initialDomainReloadingComplete (57ms)
	LoadAllAssembliesAndSetupDomain (193ms)
		LoadAssemblies (173ms)
		RebuildTransferFunctionScriptingTraits (0ms)
		AnalyzeDomain (188ms)
			TypeCache.Refresh (187ms)
				TypeCache.ScanAssembly (172ms)
			BuildScriptInfoCaches (0ms)
			ResolveRequiredComponents (1ms)
	FinalizeReload (398ms)
		ReleaseScriptCaches (0ms)
		RebuildScriptCaches (0ms)
		SetupLoadedEditorAssemblies (346ms)
			LogAssemblyErrors (0ms)
			InitializePlatformSupportModulesInManaged (29ms)
			SetLoadedEditorAssemblies (6ms)
			BeforeProcessingInitializeOnLoad (8ms)
			ProcessInitializeOnLoadAttributes (214ms)
			ProcessInitializeOnLoadMethodAttributes (83ms)
			AfterProcessingInitializeOnLoad (6ms)
			EditorAssembliesLoaded (0ms)
		ExecutionOrderSort2 (0ms)
		AwakeInstancesAfterBackupRestoration (0ms)
========================================================================
Worker process is ready to serve import requests
Import Worker Mode flag is 0x00
Begin MonoManager ReloadAssembly
- Loaded All Assemblies, in  1.334 seconds
Refreshing native plugins compatible for Editor in 1.82 ms, found 4 plugins.
Native extension for WindowsStandalone target not found
Mono: successfully reloaded assembly
- Finished resetting the current domain, in  1.340 seconds
Domain Reload Profiling: 2674ms
	BeginReloadAssembly (535ms)
		ExecutionOrderSort (0ms)
		DisableScriptedObjects (10ms)
		BackupInstance (0ms)
		ReleaseScriptingObjects (0ms)
		CreateAndSetChildDomain (50ms)
	RebuildCommonClasses (46ms)
	RebuildNativeTypeToScriptingClass (14ms)
	initialDomainReloadingComplete (45ms)
	LoadAllAssembliesAndSetupDomain (694ms)
		LoadAssemblies (474ms)
		RebuildTransferFunctionScriptingTraits (0ms)
		AnalyzeDomain (351ms)
			TypeCache.Refresh (231ms)
				TypeCache.ScanAssembly (212ms)
			BuildScriptInfoCaches (97ms)
			ResolveRequiredComponents (19ms)
	FinalizeReload (1341ms)
		ReleaseScriptCaches (0ms)
		RebuildScriptCaches (0ms)
		SetupLoadedEditorAssemblies (1031ms)
			LogAssemblyErrors (0ms)
			InitializePlatformSupportModulesInManaged (4ms)
			SetLoadedEditorAssemblies (9ms)
			BeforeProcessingInitializeOnLoad (159ms)
			ProcessInitializeOnLoadAttributes (711ms)
			ProcessInitializeOnLoadMethodAttributes (138ms)
			AfterProcessingInitializeOnLoad (10ms)
			EditorAssembliesLoaded (0ms)
		ExecutionOrderSort2 (0ms)
		AwakeInstancesAfterBackupRestoration (9ms)
Launched and connected shader compiler UnityShaderCompiler.exe after 0.02 seconds
Refreshing native plugins compatible for Editor in 1.85 ms, found 4 plugins.
Preloading 0 native plugins for Editor in 0.00 ms.
Unloading 220 Unused Serialized files (Serialized files now loaded: 0)
Unloading 6521 unused Assets / (4.9 MB). Loaded Objects now: 7319.
Memory consumption went from 202.7 MB to 197.8 MB.
Total: 13.728500 ms (FindLiveObjects: 0.750400 ms CreateObjectMapping: 1.015600 ms MarkObjects: 8.080900 ms  DeleteObjects: 3.880000 ms)

========================================================================
Received Import Request.
  Time since last request: 6308.169743 seconds.
  path: Assets/Scenes/TitleScene.unity
  artifactKey: Guid(05b8f3ca822a93947a7cb3f9ab144c08) Importer(815301076,1909f56bfc062723c751e8b465ee728b)
Start importing Assets/Scenes/TitleScene.unity using Guid(05b8f3ca822a93947a7cb3f9ab144c08) Importer(815301076,1909f56bfc062723c751e8b465ee728b) (PreviewImporter) -> (artifact id: 'da4e4ef49546bd92e7a4b1ed654bc87e') in 0.0132205 seconds
Number of updated asset objects reloaded before import = 0Number of asset objects unloaded after import = 0

========================================================================
Received Import Request.
  Time since last request: 0.000022 seconds.
  path: Assets/Scenes
  artifactKey: Guid(804d9f87ad3c6ba478050b1f499a3208) Importer(815301076,1909f56bfc062723c751e8b465ee728b)
Start importing Assets/Scenes using Guid(804d9f87ad3c6ba478050b1f499a3208) Importer(815301076,1909f56bfc062723c751e8b465ee728b) (PreviewImporter) -> (artifact id: 'a2c31a305a253a5eba60b0f69991681b') in 0.0006597 seconds
Number of updated asset objects reloaded before import = 0Number of asset objects unloaded after import = 0

========================================================================
Received Import Request.
  Time since last request: 2090.281096 seconds.
  path: Assets/Sprites/Title/title2.png
  artifactKey: Guid(5f611eebd74519a4ba45c3ee380b92d9) Importer(815301076,1909f56bfc062723c751e8b465ee728b)
Start importing Assets/Sprites/Title/title2.png using Guid(5f611eebd74519a4ba45c3ee380b92d9) Importer(815301076,1909f56bfc062723c751e8b465ee728b) (PreviewImporter) -> (artifact id: '417439a4dc0af35ad387f84cd491bf0b') in 0.5272849 seconds
Number of updated asset objects reloaded before import = 0Number of asset objects unloaded after import = 3

========================================================================
Received Import Request.
  Time since last request: 0.000517 seconds.
  path: Assets/Sprites/Title/title8.png
  artifactKey: Guid(cc30981d4c1af7f429127f70a1c49a51) Importer(815301076,1909f56bfc062723c751e8b465ee728b)
Start importing Assets/Sprites/Title/title8.png using Guid(cc30981d4c1af7f429127f70a1c49a51) Importer(815301076,1909f56bfc062723c751e8b465ee728b) (PreviewImporter) -> (artifact id: 'cb4bf36dd2c079d5dd7fb2f979c6956b') in 0.7722323 seconds
Number of updated asset objects reloaded before import = 0Number of asset objects unloaded after import = 167

========================================================================
Received Import Request.
  Time since last request: 0.000062 seconds.
  path: Assets/Sprites/Title/title6.png
  artifactKey: Guid(e999884bcb3a9a64199bc4d1f1eb19c9) Importer(815301076,1909f56bfc062723c751e8b465ee728b)
Start importing Assets/Sprites/Title/title6.png using Guid(e999884bcb3a9a64199bc4d1f1eb19c9) Importer(815301076,1909f56bfc062723c751e8b465ee728b) (PreviewImporter) -> (artifact id: 'af4a360a18fd49cb1d339d40605492e4') in 0.0439714 seconds
Number of updated asset objects reloaded before import = 0Number of asset objects unloaded after import = 3

========================================================================
Received Import Request.
  Time since last request: 0.000025 seconds.
  path: Assets/Sprites/Title/title5.png
  artifactKey: Guid(f040b27787c9cd446aaf181ece4d2683) Importer(815301076,1909f56bfc062723c751e8b465ee728b)
Start importing Assets/Sprites/Title/title5.png using Guid(f040b27787c9cd446aaf181ece4d2683) Importer(815301076,1909f56bfc062723c751e8b465ee728b) (PreviewImporter) -> (artifact id: 'd7dabf4ddc2fc26f76554d614fc24a15') in 0.0353149 seconds
Number of updated asset objects reloaded before import = 0Number of asset objects unloaded after import = 3

========================================================================
Received Import Request.
  Time since last request: 0.000030 seconds.
  path: Assets/Sprites/Title/title4.png
  artifactKey: Guid(b8d5a6d7aedbde449a387f60e0722ddd) Importer(815301076,1909f56bfc062723c751e8b465ee728b)
Start importing Assets/Sprites/Title/title4.png using Guid(b8d5a6d7aedbde449a387f60e0722ddd) Importer(815301076,1909f56bfc062723c751e8b465ee728b) (PreviewImporter) -> (artifact id: 'c181817805b59fb99d5dca7c1a9c5873') in 0.0258656 seconds
Number of updated asset objects reloaded before import = 0Number of asset objects unloaded after import = 3

========================================================================
Received Import Request.
  Time since last request: 0.000027 seconds.
  path: Assets/Sprites/Title/title7.png
  artifactKey: Guid(c5a263fa71be3304b9064fab1ea59967) Importer(815301076,1909f56bfc062723c751e8b465ee728b)
Start importing Assets/Sprites/Title/title7.png using Guid(c5a263fa71be3304b9064fab1ea59967) Importer(815301076,1909f56bfc062723c751e8b465ee728b) (PreviewImporter) -> (artifact id: '12c44101ace3d0958d27e0cc5f2e56b3') in 0.0503283 seconds
Number of updated asset objects reloaded before import = 0Number of asset objects unloaded after import = 3

========================================================================
Received Import Request.
  Time since last request: 0.000032 seconds.
  path: Assets/Sprites/Title/title11.png
  artifactKey: Guid(3f683fe0fe945f444b2fac3e21e0abfc) Importer(815301076,1909f56bfc062723c751e8b465ee728b)
Start importing Assets/Sprites/Title/title11.png using Guid(3f683fe0fe945f444b2fac3e21e0abfc) Importer(815301076,1909f56bfc062723c751e8b465ee728b) (PreviewImporter) -> (artifact id: '343e88b841d2cc29ed00baf42ebac079') in 2.7810376 seconds
Number of updated asset objects reloaded before import = 0Number of asset objects unloaded after import = 1023

========================================================================
Received Prepare
Refreshing native plugins compatible for Editor in 1.72 ms, found 4 plugins.
Preloading 0 native plugins for Editor in 0.00 ms.
Unloading 13 Unused Serialized files (Serialized files now loaded: 0)
Unloading 13 unused Assets / (1.8 MB). Loaded Objects now: 7511.
Memory consumption went from 162.8 MB to 161.0 MB.
Total: 21.804400 ms (FindLiveObjects: 0.739500 ms CreateObjectMapping: 0.224500 ms MarkObjects: 20.283200 ms  DeleteObjects: 0.555700 ms)

Prepare: number of updated asset objects reloaded= 0
========================================================================
Received Prepare
Refreshing native plugins compatible for Editor in 1.91 ms, found 4 plugins.
Preloading 0 native plugins for Editor in 0.00 ms.
Unloading 13 Unused Serialized files (Serialized files now loaded: 0)
Unloading 13 unused Assets / (1.8 MB). Loaded Objects now: 7511.
Memory consumption went from 163.1 MB to 161.3 MB.
Total: 9.360100 ms (FindLiveObjects: 0.411500 ms CreateObjectMapping: 0.414500 ms MarkObjects: 8.071300 ms  DeleteObjects: 0.461500 ms)

Prepare: number of updated asset objects reloaded= 0
========================================================================
Received Prepare
Refreshing native plugins compatible for Editor in 2.01 ms, found 4 plugins.
Preloading 0 native plugins for Editor in 0.00 ms.
Unloading 13 Unused Serialized files (Serialized files now loaded: 0)
Unloading 13 unused Assets / (1.8 MB). Loaded Objects now: 7511.
Memory consumption went from 163.1 MB to 161.3 MB.
Total: 10.358600 ms (FindLiveObjects: 0.432600 ms CreateObjectMapping: 0.438500 ms MarkObjects: 8.948200 ms  DeleteObjects: 0.537600 ms)

Prepare: number of updated asset objects reloaded= 0
========================================================================
Received Prepare
Refreshing native plugins compatible for Editor in 1.82 ms, found 4 plugins.
Preloading 0 native plugins for Editor in 0.00 ms.
Unloading 13 Unused Serialized files (Serialized files now loaded: 0)
Unloading 13 unused Assets / (1.8 MB). Loaded Objects now: 7511.
Memory consumption went from 163.1 MB to 161.3 MB.
Total: 9.487000 ms (FindLiveObjects: 0.444000 ms CreateObjectMapping: 0.490900 ms MarkObjects: 7.968900 ms  DeleteObjects: 0.582000 ms)

Prepare: number of updated asset objects reloaded= 0
========================================================================
Received Prepare
Refreshing native plugins compatible for Editor in 1.85 ms, found 4 plugins.
Preloading 0 native plugins for Editor in 0.00 ms.
Unloading 13 Unused Serialized files (Serialized files now loaded: 0)
Unloading 13 unused Assets / (1.8 MB). Loaded Objects now: 7511.
Memory consumption went from 163.1 MB to 161.3 MB.
Total: 8.934400 ms (FindLiveObjects: 0.577600 ms CreateObjectMapping: 0.453100 ms MarkObjects: 7.457500 ms  DeleteObjects: 0.444700 ms)

Prepare: number of updated asset objects reloaded= 0
========================================================================
Received Import Request.
  Time since last request: 454.157389 seconds.
  path: Assets/Sprites/Title/TitleSprites.spriteatlasv2
  artifactKey: Guid(0ef58dbb8d5415e45aec4518071a6022) Importer(815301076,1909f56bfc062723c751e8b465ee728b)
Start importing Assets/Sprites/Title/TitleSprites.spriteatlasv2 using Guid(0ef58dbb8d5415e45aec4518071a6022) Importer(815301076,1909f56bfc062723c751e8b465ee728b) (PreviewImporter) -> (artifact id: '317e43f2bef6097db076a5eb029084c6') in 0.0018836 seconds
Number of updated asset objects reloaded before import = 0Number of asset objects unloaded after import = 2

========================================================================
Received Prepare
Refreshing native plugins compatible for Editor in 1.99 ms, found 4 plugins.
Preloading 0 native plugins for Editor in 0.00 ms.
Unloading 13 Unused Serialized files (Serialized files now loaded: 0)
Unloading 13 unused Assets / (1.8 MB). Loaded Objects now: 7511.
Memory consumption went from 163.1 MB to 161.3 MB.
Total: 11.044100 ms (FindLiveObjects: 0.640700 ms CreateObjectMapping: 0.641500 ms MarkObjects: 9.202400 ms  DeleteObjects: 0.557700 ms)

Prepare: number of updated asset objects reloaded= 0
========================================================================
Received Prepare
Refreshing native plugins compatible for Editor in 1.89 ms, found 4 plugins.
Preloading 0 native plugins for Editor in 0.00 ms.
Unloading 13 Unused Serialized files (Serialized files now loaded: 0)
Unloading 13 unused Assets / (1.8 MB). Loaded Objects now: 7511.
Memory consumption went from 163.1 MB to 161.3 MB.
Total: 11.701300 ms (FindLiveObjects: 0.490700 ms CreateObjectMapping: 0.491900 ms MarkObjects: 10.224800 ms  DeleteObjects: 0.492400 ms)

Prepare: number of updated asset objects reloaded= 0
========================================================================
Received Import Request.
  Time since last request: 60.004434 seconds.
  path: Assets/Sprites/Title/TitleSprites.spriteatlasv2
  artifactKey: Guid(0ef58dbb8d5415e45aec4518071a6022) Importer(815301076,1909f56bfc062723c751e8b465ee728b)
Start importing Assets/Sprites/Title/TitleSprites.spriteatlasv2 using Guid(0ef58dbb8d5415e45aec4518071a6022) Importer(815301076,1909f56bfc062723c751e8b465ee728b) (PreviewImporter) -> (artifact id: '11b97751502b4c44269a999a0cdc9920') in 0.0017445 seconds
Number of updated asset objects reloaded before import = 0Number of asset objects unloaded after import = 2

========================================================================
Received Prepare
Refreshing native plugins compatible for Editor in 2.12 ms, found 4 plugins.
Preloading 0 native plugins for Editor in 0.00 ms.
Unloading 13 Unused Serialized files (Serialized files now loaded: 0)
Unloading 13 unused Assets / (1.8 MB). Loaded Objects now: 7511.
Memory consumption went from 163.1 MB to 161.3 MB.
Total: 10.888600 ms (FindLiveObjects: 0.426000 ms CreateObjectMapping: 0.472600 ms MarkObjects: 9.397500 ms  DeleteObjects: 0.590700 ms)

Prepare: number of updated asset objects reloaded= 0
========================================================================
Received Import Request.
  Time since last request: 227.163638 seconds.
  path: Assets/Sprites/Title/TitleSprites.spriteatlasv2
  artifactKey: Guid(0ef58dbb8d5415e45aec4518071a6022) Importer(815301076,1909f56bfc062723c751e8b465ee728b)
Start importing Assets/Sprites/Title/TitleSprites.spriteatlasv2 using Guid(0ef58dbb8d5415e45aec4518071a6022) Importer(815301076,1909f56bfc062723c751e8b465ee728b) (PreviewImporter) -> (artifact id: '2094b8623831487fca57e73a4ce8ac48') in 0.0036099 seconds
Number of updated asset objects reloaded before import = 0Number of asset objects unloaded after import = 2

========================================================================
Received Import Request.
  Time since last request: 36.382301 seconds.
  path: Assets/Sprites/Title/TitleSprites.spriteatlasv2
  artifactKey: Guid(0ef58dbb8d5415e45aec4518071a6022) Importer(815301076,1909f56bfc062723c751e8b465ee728b)
Start importing Assets/Sprites/Title/TitleSprites.spriteatlasv2 using Guid(0ef58dbb8d5415e45aec4518071a6022) Importer(815301076,1909f56bfc062723c751e8b465ee728b) (PreviewImporter) -> (artifact id: 'a73d84d0517104944a6455a776112655') in 0.0029439 seconds
Number of updated asset objects reloaded before import = 0Number of asset objects unloaded after import = 2

========================================================================
Received Import Request.
  Time since last request: 30.216113 seconds.
  path: Assets/Sprites/Title/TitleSprites.spriteatlasv2
  artifactKey: Guid(0ef58dbb8d5415e45aec4518071a6022) Importer(815301076,1909f56bfc062723c751e8b465ee728b)
Start importing Assets/Sprites/Title/TitleSprites.spriteatlasv2 using Guid(0ef58dbb8d5415e45aec4518071a6022) Importer(815301076,1909f56bfc062723c751e8b465ee728b) (PreviewImporter) -> (artifact id: 'db363630388858bf7284fd1a63c8c6ad') in 0.0031785 seconds
Number of updated asset objects reloaded before import = 0Number of asset objects unloaded after import = 2

========================================================================
Received Import Request.
  Time since last request: 35.264510 seconds.
  path: Assets/Sprites/Title/TitleSprites.spriteatlasv2
  artifactKey: Guid(0ef58dbb8d5415e45aec4518071a6022) Importer(815301076,1909f56bfc062723c751e8b465ee728b)
Start importing Assets/Sprites/Title/TitleSprites.spriteatlasv2 using Guid(0ef58dbb8d5415e45aec4518071a6022) Importer(815301076,1909f56bfc062723c751e8b465ee728b) (PreviewImporter) -> (artifact id: '74d1ef38ee7ea32445afc531a2810677') in 0.0028831 seconds
Number of updated asset objects reloaded before import = 0Number of asset objects unloaded after import = 2

========================================================================
Received Import Request.
  Time since last request: 31.884624 seconds.
  path: Assets/Sprites/Title/TitleSprites.spriteatlasv2
  artifactKey: Guid(0ef58dbb8d5415e45aec4518071a6022) Importer(815301076,1909f56bfc062723c751e8b465ee728b)
Start importing Assets/Sprites/Title/TitleSprites.spriteatlasv2 using Guid(0ef58dbb8d5415e45aec4518071a6022) Importer(815301076,1909f56bfc062723c751e8b465ee728b) (PreviewImporter) -> (artifact id: '76c8e494b59e7deffa89a782e27c01c6') in 0.0031767 seconds
Number of updated asset objects reloaded before import = 0Number of asset objects unloaded after import = 2

========================================================================
Received Import Request.
  Time since last request: 36.263368 seconds.
  path: Assets/Sprites/Title/TitleSprites.spriteatlasv2
  artifactKey: Guid(0ef58dbb8d5415e45aec4518071a6022) Importer(815301076,1909f56bfc062723c751e8b465ee728b)
Start importing Assets/Sprites/Title/TitleSprites.spriteatlasv2 using Guid(0ef58dbb8d5415e45aec4518071a6022) Importer(815301076,1909f56bfc062723c751e8b465ee728b) (PreviewImporter) -> (artifact id: '41ca8d3ce53f8c0202c7f5ebeb75dfcf') in 0.0030622 seconds
Number of updated asset objects reloaded before import = 0Number of asset objects unloaded after import = 2

========================================================================
Received Import Request.
  Time since last request: 41.592347 seconds.
  path: Assets/Sprites/Title/TitleSprites.spriteatlasv2
  artifactKey: Guid(0ef58dbb8d5415e45aec4518071a6022) Importer(815301076,1909f56bfc062723c751e8b465ee728b)
Start importing Assets/Sprites/Title/TitleSprites.spriteatlasv2 using Guid(0ef58dbb8d5415e45aec4518071a6022) Importer(815301076,1909f56bfc062723c751e8b465ee728b) (PreviewImporter) -> (artifact id: '423f8dc23c038d47e2adb0e9e99ea5a6') in 0.0026496 seconds
Number of updated asset objects reloaded before import = 0Number of asset objects unloaded after import = 2

========================================================================
Received Import Request.
  Time since last request: 76.555183 seconds.
  path: Assets/Sprites/Title/title1.png
  artifactKey: Guid(f87687267a254364889a748fed48561d) Importer(815301076,1909f56bfc062723c751e8b465ee728b)
Start importing Assets/Sprites/Title/title1.png using Guid(f87687267a254364889a748fed48561d) Importer(815301076,1909f56bfc062723c751e8b465ee728b) (PreviewImporter) -> (artifact id: '308e3e2386ab954f3a5231a3c8fc19f3') in 0.2413634 seconds
Number of updated asset objects reloaded before import = 0Number of asset objects unloaded after import = 2160

========================================================================
Received Import Request.
  Time since last request: 44.450492 seconds.
  path: Assets/Sprites/Title/title2.png
  artifactKey: Guid(5f611eebd74519a4ba45c3ee380b92d9) Importer(815301076,1909f56bfc062723c751e8b465ee728b)
Start importing Assets/Sprites/Title/title2.png using Guid(5f611eebd74519a4ba45c3ee380b92d9) Importer(815301076,1909f56bfc062723c751e8b465ee728b) (PreviewImporter) -> (artifact id: 'cf529165314e1b11733abe9f5b652a93') in 0.1651203 seconds
Number of updated asset objects reloaded before import = 0Number of asset objects unloaded after import = 2160

========================================================================
Received Import Request.
  Time since last request: 44.959841 seconds.
  path: Assets/Sprites/Title/title1.png
  artifactKey: Guid(f87687267a254364889a748fed48561d) Importer(815301076,1909f56bfc062723c751e8b465ee728b)
Start importing Assets/Sprites/Title/title1.png using Guid(f87687267a254364889a748fed48561d) Importer(815301076,1909f56bfc062723c751e8b465ee728b) (PreviewImporter) -> (artifact id: 'fa63ef712fb1583fc76327c8bd517e84') in 0.1817292 seconds
Number of updated asset objects reloaded before import = 0Number of asset objects unloaded after import = 2160

========================================================================
Received Import Request.
  Time since last request: 41.785607 seconds.
  path: Assets/Sprites/Title/title1.png
  artifactKey: Guid(f87687267a254364889a748fed48561d) Importer(815301076,1909f56bfc062723c751e8b465ee728b)
Start importing Assets/Sprites/Title/title1.png using Guid(f87687267a254364889a748fed48561d) Importer(815301076,1909f56bfc062723c751e8b465ee728b) (PreviewImporter) -> (artifact id: 'f0ea1623b4f2e85a5b822638a1dad65a') in 0.2000261 seconds
Number of updated asset objects reloaded before import = 0Number of asset objects unloaded after import = 2160

========================================================================
Received Import Request.
  Time since last request: 0.000032 seconds.
  path: Assets/Sprites/Title/TitleSprites.spriteatlasv2
  artifactKey: Guid(0ef58dbb8d5415e45aec4518071a6022) Importer(815301076,1909f56bfc062723c751e8b465ee728b)
Start importing Assets/Sprites/Title/TitleSprites.spriteatlasv2 using Guid(0ef58dbb8d5415e45aec4518071a6022) Importer(815301076,1909f56bfc062723c751e8b465ee728b) (PreviewImporter) -> (artifact id: 'c3af33b61055c0b9596c6adc555ba296') in 0.00452 seconds
Number of updated asset objects reloaded before import = 0Number of asset objects unloaded after import = 2

========================================================================
Received Import Request.
  Time since last request: 0.000060 seconds.
  path: Assets/Sprites/Title/title2.png
  artifactKey: Guid(5f611eebd74519a4ba45c3ee380b92d9) Importer(815301076,1909f56bfc062723c751e8b465ee728b)
Start importing Assets/Sprites/Title/title2.png using Guid(5f611eebd74519a4ba45c3ee380b92d9) Importer(815301076,1909f56bfc062723c751e8b465ee728b) (PreviewImporter) -> (artifact id: '73409b0fb0ed5bc5efa998d1bcc728be') in 0.1505767 seconds
Number of updated asset objects reloaded before import = 0Number of asset objects unloaded after import = 2160

========================================================================
Received Import Request.
  Time since last request: 42.450521 seconds.
  path: Assets/Sprites/Title/title2.png
  artifactKey: Guid(5f611eebd74519a4ba45c3ee380b92d9) Importer(815301076,1909f56bfc062723c751e8b465ee728b)
Start importing Assets/Sprites/Title/title2.png using Guid(5f611eebd74519a4ba45c3ee380b92d9) Importer(815301076,1909f56bfc062723c751e8b465ee728b) (PreviewImporter) -> (artifact id: '3139c152148ceecb7deb9cecc2cf42a7') in 0.2193112 seconds
Number of updated asset objects reloaded before import = 0Number of asset objects unloaded after import = 2160

========================================================================
Received Import Request.
  Time since last request: 0.000031 seconds.
  path: Assets/Sprites/Title/title3.png
  artifactKey: Guid(1d6583a8ec63b6843a8b09dde5682372) Importer(815301076,1909f56bfc062723c751e8b465ee728b)
Start importing Assets/Sprites/Title/title3.png using Guid(1d6583a8ec63b6843a8b09dde5682372) Importer(815301076,1909f56bfc062723c751e8b465ee728b) (PreviewImporter) -> (artifact id: '6cfdd65a62758183f48f4773cbe66841') in 0.1714381 seconds
Number of updated asset objects reloaded before import = 0Number of asset objects unloaded after import = 2160

========================================================================
Received Import Request.
  Time since last request: 56.368333 seconds.
  path: Assets/Sprites/Title/title2.png
  artifactKey: Guid(5f611eebd74519a4ba45c3ee380b92d9) Importer(815301076,1909f56bfc062723c751e8b465ee728b)
Start importing Assets/Sprites/Title/title2.png using Guid(5f611eebd74519a4ba45c3ee380b92d9) Importer(815301076,1909f56bfc062723c751e8b465ee728b) (PreviewImporter) -> (artifact id: '23e0b2ebaee7c0a6b58f37fc765abe6e') in 0.3110237 seconds
Number of updated asset objects reloaded before import = 0Number of asset objects unloaded after import = 2160

========================================================================
Received Import Request.
  Time since last request: 0.000040 seconds.
  path: Assets/Sprites/Title/TitleSprites.spriteatlasv2
  artifactKey: Guid(0ef58dbb8d5415e45aec4518071a6022) Importer(815301076,1909f56bfc062723c751e8b465ee728b)
Start importing Assets/Sprites/Title/TitleSprites.spriteatlasv2 using Guid(0ef58dbb8d5415e45aec4518071a6022) Importer(815301076,1909f56bfc062723c751e8b465ee728b) (PreviewImporter) -> (artifact id: '1828d8df7797f7915b02b66befd39225') in 0.0085305 seconds
Number of updated asset objects reloaded before import = 0Number of asset objects unloaded after import = 2

========================================================================
Received Import Request.
  Time since last request: 0.000041 seconds.
  path: Assets/Sprites/Title/title4.png
  artifactKey: Guid(b8d5a6d7aedbde449a387f60e0722ddd) Importer(815301076,1909f56bfc062723c751e8b465ee728b)
Start importing Assets/Sprites/Title/title4.png using Guid(b8d5a6d7aedbde449a387f60e0722ddd) Importer(815301076,1909f56bfc062723c751e8b465ee728b) (PreviewImporter) -> (artifact id: '4f9e4a5f21b16bafc752a656b731b656') in 0.1928918 seconds
Number of updated asset objects reloaded before import = 0Number of asset objects unloaded after import = 2160

========================================================================
Received Import Request.
  Time since last request: 79.000966 seconds.
  path: Assets/Sprites/Title/title7.png
  artifactKey: Guid(c5a263fa71be3304b9064fab1ea59967) Importer(815301076,1909f56bfc062723c751e8b465ee728b)
Start importing Assets/Sprites/Title/title7.png using Guid(c5a263fa71be3304b9064fab1ea59967) Importer(815301076,1909f56bfc062723c751e8b465ee728b) (PreviewImporter) -> (artifact id: 'c15fc4032eca352c27d54523df99caae') in 0.2028685 seconds
Number of updated asset objects reloaded before import = 0Number of asset objects unloaded after import = 2160

========================================================================
Received Import Request.
  Time since last request: 0.000039 seconds.
  path: Assets/Sprites/Title/title3.png
  artifactKey: Guid(1d6583a8ec63b6843a8b09dde5682372) Importer(815301076,1909f56bfc062723c751e8b465ee728b)
Start importing Assets/Sprites/Title/title3.png using Guid(1d6583a8ec63b6843a8b09dde5682372) Importer(815301076,1909f56bfc062723c751e8b465ee728b) (PreviewImporter) -> (artifact id: '85e5bbc1b67b85cd199226ac167f099a') in 0.2079898 seconds
Number of updated asset objects reloaded before import = 0Number of asset objects unloaded after import = 2160

========================================================================
Received Import Request.
  Time since last request: 0.000052 seconds.
  path: Assets/Sprites/Title/title2.png
  artifactKey: Guid(5f611eebd74519a4ba45c3ee380b92d9) Importer(815301076,1909f56bfc062723c751e8b465ee728b)
Start importing Assets/Sprites/Title/title2.png using Guid(5f611eebd74519a4ba45c3ee380b92d9) Importer(815301076,1909f56bfc062723c751e8b465ee728b) (PreviewImporter) -> (artifact id: '449dcf4e474ee95a0a45866294fbff92') in 0.2124697 seconds
Number of updated asset objects reloaded before import = 0Number of asset objects unloaded after import = 2160

========================================================================
Received Import Request.
  Time since last request: 0.000076 seconds.
  path: Assets/Sprites/Title/title5.png
  artifactKey: Guid(f040b27787c9cd446aaf181ece4d2683) Importer(815301076,1909f56bfc062723c751e8b465ee728b)
Start importing Assets/Sprites/Title/title5.png using Guid(f040b27787c9cd446aaf181ece4d2683) Importer(815301076,1909f56bfc062723c751e8b465ee728b) (PreviewImporter) -> (artifact id: '2acdd2b84c653c3a42d696674678718c') in 0.2197492 seconds
Number of updated asset objects reloaded before import = 0Number of asset objects unloaded after import = 2160

========================================================================
Received Import Request.
  Time since last request: 45.639061 seconds.
  path: Assets/Sprites/Title/title8.png
  artifactKey: Guid(cc30981d4c1af7f429127f70a1c49a51) Importer(815301076,1909f56bfc062723c751e8b465ee728b)
Start importing Assets/Sprites/Title/title8.png using Guid(cc30981d4c1af7f429127f70a1c49a51) Importer(815301076,1909f56bfc062723c751e8b465ee728b) (PreviewImporter) -> (artifact id: 'a2b91f09f3a824c2e8c74d177b54ec19') in 0.7617154 seconds
Number of updated asset objects reloaded before import = 0Number of asset objects unloaded after import = 2160

========================================================================
Received Import Request.
  Time since last request: 0.000032 seconds.
  path: Assets/Sprites/Title/title4.png
  artifactKey: Guid(b8d5a6d7aedbde449a387f60e0722ddd) Importer(815301076,1909f56bfc062723c751e8b465ee728b)
Start importing Assets/Sprites/Title/title4.png using Guid(b8d5a6d7aedbde449a387f60e0722ddd) Importer(815301076,1909f56bfc062723c751e8b465ee728b) (PreviewImporter) -> (artifact id: '11111f68a34a0c41ce363acea8c1f5e3') in 0.264668 seconds
Number of updated asset objects reloaded before import = 0Number of asset objects unloaded after import = 2160

========================================================================
Received Import Request.
  Time since last request: 40.882765 seconds.
  path: Assets/Sprites/Title/title9.png
  artifactKey: Guid(6a3488fb948bb854097fd02f9c06add8) Importer(815301076,1909f56bfc062723c751e8b465ee728b)
Start importing Assets/Sprites/Title/title9.png using Guid(6a3488fb948bb854097fd02f9c06add8) Importer(815301076,1909f56bfc062723c751e8b465ee728b) (PreviewImporter) -> (artifact id: '9b3e78f0dcd4080246a0f36eaeba8467') in 1.3597628 seconds
Number of updated asset objects reloaded before import = 0Number of asset objects unloaded after import = 2160

========================================================================
Received Import Request.
  Time since last request: 34.103831 seconds.
  path: Assets/Sprites/Title/title10.png
  artifactKey: Guid(421dadf8bb86bae42b992bbbcaa18bfb) Importer(815301076,1909f56bfc062723c751e8b465ee728b)
Start importing Assets/Sprites/Title/title10.png using Guid(421dadf8bb86bae42b992bbbcaa18bfb) Importer(815301076,1909f56bfc062723c751e8b465ee728b) (PreviewImporter) -> (artifact id: 'c5416a810669defb46f1e24554f49acd') in 1.537819 seconds
Number of updated asset objects reloaded before import = 0Number of asset objects unloaded after import = 2160

========================================================================
Received Import Request.
  Time since last request: 43.073630 seconds.
  path: Assets/Sprites/Title/title11.png
  artifactKey: Guid(3f683fe0fe945f444b2fac3e21e0abfc) Importer(815301076,1909f56bfc062723c751e8b465ee728b)
Start importing Assets/Sprites/Title/title11.png using Guid(3f683fe0fe945f444b2fac3e21e0abfc) Importer(815301076,1909f56bfc062723c751e8b465ee728b) (PreviewImporter) -> (artifact id: '6291c805467dec77b0ce5de98fdb302f') in 2.3251265 seconds
Number of updated asset objects reloaded before import = 0Number of asset objects unloaded after import = 2160

========================================================================
Received Import Request.
  Time since last request: 1.286607 seconds.
  path: Assets/Sprites/Title/title1.png
  artifactKey: Guid(f87687267a254364889a748fed48561d) Importer(815301076,1909f56bfc062723c751e8b465ee728b)
Start importing Assets/Sprites/Title/title1.png using Guid(f87687267a254364889a748fed48561d) Importer(815301076,1909f56bfc062723c751e8b465ee728b) (PreviewImporter) -> (artifact id: 'e517d90107548ae3848bfa19688a1f72') in 0.2544835 seconds
Number of updated asset objects reloaded before import = 0Number of asset objects unloaded after import = 2160

========================================================================
Received Import Request.
  Time since last request: 238.947739 seconds.
  path: Assets/Sprites/Title/Title.controller
  artifactKey: Guid(8025e1f62bc6ccb4c897b9b6657979b2) Importer(815301076,1909f56bfc062723c751e8b465ee728b)
Start importing Assets/Sprites/Title/Title.controller using Guid(8025e1f62bc6ccb4c897b9b6657979b2) Importer(815301076,1909f56bfc062723c751e8b465ee728b) (PreviewImporter) -> (artifact id: '376c6b6875ae631add9dd0e2edec3b49') in 0.0095601 seconds
Number of updated asset objects reloaded before import = 0Number of asset objects unloaded after import = 4

========================================================================
Received Import Request.
  Time since last request: 8.803375 seconds.
  path: Assets/Sprites/Title/title1_0.controller
  artifactKey: Guid(b2b44093b5f4b4f40b2f38fc96b544a4) Importer(815301076,1909f56bfc062723c751e8b465ee728b)
Start importing Assets/Sprites/Title/title1_0.controller using Guid(b2b44093b5f4b4f40b2f38fc96b544a4) Importer(815301076,1909f56bfc062723c751e8b465ee728b) (PreviewImporter) -> (artifact id: 'b7008a5b708b0b76a4aba4916682e4d4') in 0.0011844 seconds
Number of updated asset objects reloaded before import = 0Number of asset objects unloaded after import = 1

========================================================================
Received Import Request.
  Time since last request: 135.363657 seconds.
  path: Assets/Sprites/Title/title1.png
  artifactKey: Guid(f87687267a254364889a748fed48561d) Importer(815301076,1909f56bfc062723c751e8b465ee728b)
Start importing Assets/Sprites/Title/title1.png using Guid(f87687267a254364889a748fed48561d) Importer(815301076,1909f56bfc062723c751e8b465ee728b) (PreviewImporter) -> (artifact id: '45490b1033264671ba3366d4994a33ce') in 0.2330401 seconds
Number of updated asset objects reloaded before import = 0Number of asset objects unloaded after import = 1998

========================================================================
Received Import Request.
  Time since last request: 0.000032 seconds.
  path: Assets/Sprites/Title/TitleSprites.spriteatlasv2
  artifactKey: Guid(0ef58dbb8d5415e45aec4518071a6022) Importer(815301076,1909f56bfc062723c751e8b465ee728b)
Start importing Assets/Sprites/Title/TitleSprites.spriteatlasv2 using Guid(0ef58dbb8d5415e45aec4518071a6022) Importer(815301076,1909f56bfc062723c751e8b465ee728b) (PreviewImporter) -> (artifact id: 'f5f6d4f26d92b3b3d1d76c140f06ec3c') in 0.0054815 seconds
Number of updated asset objects reloaded before import = 0Number of asset objects unloaded after import = 2

========================================================================
Received Import Request.
  Time since last request: 0.000039 seconds.
  path: Assets/Sprites/Title/title10.png
  artifactKey: Guid(421dadf8bb86bae42b992bbbcaa18bfb) Importer(815301076,1909f56bfc062723c751e8b465ee728b)
Start importing Assets/Sprites/Title/title10.png using Guid(421dadf8bb86bae42b992bbbcaa18bfb) Importer(815301076,1909f56bfc062723c751e8b465ee728b) (PreviewImporter) -> (artifact id: '2f3a7f2eae87ddc7ca6b0be198192928') in 1.860246 seconds
Number of updated asset objects reloaded before import = 0Number of asset objects unloaded after import = 1998

========================================================================
Received Import Request.
  Time since last request: 0.000049 seconds.
  path: Assets/Sprites/Title/title9.png
  artifactKey: Guid(6a3488fb948bb854097fd02f9c06add8) Importer(815301076,1909f56bfc062723c751e8b465ee728b)
Start importing Assets/Sprites/Title/title9.png using Guid(6a3488fb948bb854097fd02f9c06add8) Importer(815301076,1909f56bfc062723c751e8b465ee728b) (PreviewImporter) -> (artifact id: 'a2f8a5c9923cbeebcdfec5dad163854e') in 1.1270516 seconds
Number of updated asset objects reloaded before import = 0Number of asset objects unloaded after import = 1998

========================================================================
Received Import Request.
  Time since last request: 70.426842 seconds.
  path: Assets/Sprites/Title/title1.png
  artifactKey: Guid(f87687267a254364889a748fed48561d) Importer(815301076,1909f56bfc062723c751e8b465ee728b)
Start importing Assets/Sprites/Title/title1.png using Guid(f87687267a254364889a748fed48561d) Importer(815301076,1909f56bfc062723c751e8b465ee728b) (PreviewImporter) -> (artifact id: 'e7363abe75e2c774d13a54128f12fed9') in 0.2206951 seconds
Number of updated asset objects reloaded before import = 0Number of asset objects unloaded after import = 1996

========================================================================
Received Import Request.
  Time since last request: 0.000050 seconds.
  path: Assets/Sprites/Title/TitleSprites.spriteatlasv2
  artifactKey: Guid(0ef58dbb8d5415e45aec4518071a6022) Importer(815301076,1909f56bfc062723c751e8b465ee728b)
Start importing Assets/Sprites/Title/TitleSprites.spriteatlasv2 using Guid(0ef58dbb8d5415e45aec4518071a6022) Importer(815301076,1909f56bfc062723c751e8b465ee728b) (PreviewImporter) -> (artifact id: '630d07d8f0c88b7c06c2644798efe038') in 0.0048124 seconds
Number of updated asset objects reloaded before import = 0Number of asset objects unloaded after import = 2

========================================================================
Received Import Request.
  Time since last request: 0.000041 seconds.
  path: Assets/Sprites/Title/title10.png
  artifactKey: Guid(421dadf8bb86bae42b992bbbcaa18bfb) Importer(815301076,1909f56bfc062723c751e8b465ee728b)
Start importing Assets/Sprites/Title/title10.png using Guid(421dadf8bb86bae42b992bbbcaa18bfb) Importer(815301076,1909f56bfc062723c751e8b465ee728b) (PreviewImporter) -> (artifact id: '08b3c91cd23f059a4a43e810babafefc') in 1.7096227 seconds
Number of updated asset objects reloaded before import = 0Number of asset objects unloaded after import = 1996

========================================================================
Received Import Request.
  Time since last request: 0.000037 seconds.
  path: Assets/Sprites/Title/title9.png
  artifactKey: Guid(6a3488fb948bb854097fd02f9c06add8) Importer(815301076,1909f56bfc062723c751e8b465ee728b)
Start importing Assets/Sprites/Title/title9.png using Guid(6a3488fb948bb854097fd02f9c06add8) Importer(815301076,1909f56bfc062723c751e8b465ee728b) (PreviewImporter) -> (artifact id: '57f864c346df5a2af1ee4120ffae5645') in 1.0093027 seconds
Number of updated asset objects reloaded before import = 0Number of asset objects unloaded after import = 1996

========================================================================
Received Import Request.
  Time since last request: 28.126869 seconds.
  path: Assets/Sprites/Title/title2.png
  artifactKey: Guid(5f611eebd74519a4ba45c3ee380b92d9) Importer(815301076,1909f56bfc062723c751e8b465ee728b)
Start importing Assets/Sprites/Title/title2.png using Guid(5f611eebd74519a4ba45c3ee380b92d9) Importer(815301076,1909f56bfc062723c751e8b465ee728b) (PreviewImporter) -> (artifact id: 'f434be129c2ff0109eabc76f4c4ba7dd') in 0.2474749 seconds
Number of updated asset objects reloaded before import = 0Number of asset objects unloaded after import = 1607

========================================================================
Received Import Request.
  Time since last request: 0.000044 seconds.
  path: Assets/Sprites/Title/title10.png
  artifactKey: Guid(421dadf8bb86bae42b992bbbcaa18bfb) Importer(815301076,1909f56bfc062723c751e8b465ee728b)
Start importing Assets/Sprites/Title/title10.png using Guid(421dadf8bb86bae42b992bbbcaa18bfb) Importer(815301076,1909f56bfc062723c751e8b465ee728b) (PreviewImporter) -> (artifact id: '47d76269f82412ab38d9e33ca7d7e378') in 1.5825719 seconds
Number of updated asset objects reloaded before import = 0Number of asset objects unloaded after import = 1607

========================================================================
Received Import Request.
  Time since last request: 20.373383 seconds.
  path: Assets/Sprites/Title/title2.png
  artifactKey: Guid(5f611eebd74519a4ba45c3ee380b92d9) Importer(815301076,1909f56bfc062723c751e8b465ee728b)
Start importing Assets/Sprites/Title/title2.png using Guid(5f611eebd74519a4ba45c3ee380b92d9) Importer(815301076,1909f56bfc062723c751e8b465ee728b) (PreviewImporter) -> (artifact id: 'f87fd45a2f3247a7c70b3130ed8517b8') in 0.2891985 seconds
Number of updated asset objects reloaded before import = 0Number of asset objects unloaded after import = 1056

========================================================================
Received Import Request.
  Time since last request: 0.000039 seconds.
  path: Assets/Sprites/Title/title8.png
  artifactKey: Guid(cc30981d4c1af7f429127f70a1c49a51) Importer(815301076,1909f56bfc062723c751e8b465ee728b)
Start importing Assets/Sprites/Title/title8.png using Guid(cc30981d4c1af7f429127f70a1c49a51) Importer(815301076,1909f56bfc062723c751e8b465ee728b) (PreviewImporter) -> (artifact id: '8577698e93daca9cb2f769ab1dde79b6') in 0.2980206 seconds
Number of updated asset objects reloaded before import = 0Number of asset objects unloaded after import = 1056

========================================================================
Received Import Request.
  Time since last request: 34.034833 seconds.
  path: Assets/Sprites/Title/title2.png
  artifactKey: Guid(5f611eebd74519a4ba45c3ee380b92d9) Importer(815301076,1909f56bfc062723c751e8b465ee728b)
Start importing Assets/Sprites/Title/title2.png using Guid(5f611eebd74519a4ba45c3ee380b92d9) Importer(815301076,1909f56bfc062723c751e8b465ee728b) (PreviewImporter) -> (artifact id: '04303a6b387bb9065678b4e1d7c2de68') in 0.2244066 seconds
Number of updated asset objects reloaded before import = 0Number of asset objects unloaded after import = 36

========================================================================
Received Import Request.
  Time since last request: 0.000029 seconds.
  path: Assets/Sprites/Title/title10.png
  artifactKey: Guid(421dadf8bb86bae42b992bbbcaa18bfb) Importer(815301076,1909f56bfc062723c751e8b465ee728b)
Start importing Assets/Sprites/Title/title10.png using Guid(421dadf8bb86bae42b992bbbcaa18bfb) Importer(815301076,1909f56bfc062723c751e8b465ee728b) (PreviewImporter) -> (artifact id: 'fcaac2de24ccfd0cfea90b15f0276851') in 0.2317411 seconds
Number of updated asset objects reloaded before import = 0Number of asset objects unloaded after import = 36

========================================================================
Received Import Request.
  Time since last request: 0.000043 seconds.
  path: Assets/Sprites/Title/title11.png
  artifactKey: Guid(3f683fe0fe945f444b2fac3e21e0abfc) Importer(815301076,1909f56bfc062723c751e8b465ee728b)
Start importing Assets/Sprites/Title/title11.png using Guid(3f683fe0fe945f444b2fac3e21e0abfc) Importer(815301076,1909f56bfc062723c751e8b465ee728b) (PreviewImporter) -> (artifact id: '913869e9548a105d306fcbd05a669b84') in 0.1968484 seconds
Number of updated asset objects reloaded before import = 0Number of asset objects unloaded after import = 36

